<?xml version="1.0" encoding="UTF-8"?>
<Site BuildName="(empty)"
	BuildStamp="20260630-0142-Experimental"
	Name="rim-LOQ-15IRX9"
	Generator="ctest-3.22.1"
	CompilerName="/usr/bin/g++"
	CompilerVersion="11.4.0"
	OSName="Linux"
	Hostname="rim-LOQ-15IRX9"
	OSRelease="6.8.0-106-generic"
	OSVersion="#106~22.04.1-Ubuntu SMP PREEMPT_DYNAMIC Fri Mar  6 08:44:59 UTC "
	OSPlatform="x86_64"
	Is64Bits="1"
	VendorString="GenuineIntel"
	VendorID="Intel Corporation"
	FamilyID="6"
	ModelID="183"
	ProcessorCacheSize="33792"
	NumberOfLogicalCPU="28"
	NumberOfPhysicalCPU="20"
	TotalVirtualMemory="0"
	TotalPhysicalMemory="31798"
	LogicalProcessorsPerPhysical="1"
	ProcessorClockFrequency="800"
	>
	<Testing>
		<StartDateTime>Jun 30 10:42 KST</StartDateTime>
		<StartTestTime>1782783771</StartTestTime>
		<TestList/>
		<EndDateTime>Jun 30 10:42 KST</EndDateTime>
		<EndTestTime>1782783771</EndTestTime>
		<ElapsedMinutes>0</ElapsedMinutes>
	</Testing>
</Site>
